<?xml version="1.0" encoding="UTF-8"?>
<!-- Generated by org.testng.reporters.JUnitXMLReporter -->
<testsuite ignored="1" hostname="DESKTOP-THALH3P" failures="0" tests="2" name="Test1" time="0.04" errors="0" timestamp="15 Apr 2021 06:18:54 GMT">
  <testcase classname="Tests.Maths_Test" name="addition" time="0.011"/>
  <testcase classname="Tests.Maths_Test" name="division" time="0.002"/>
  <testcase classname="Tests.Maths_Test" name="substraction" time="0.0">
    <ignored/>
  </testcase> <!-- substraction -->
</testsuite> <!-- Test1 -->
