<?xml version="1.0" encoding="UTF-8"?>
<!-- Generated by org.testng.reporters.JUnitXMLReporter -->
<testsuite ignored="3" hostname="DESKTOP-THALH3P" failures="0" tests="5" name="Test" time="0.118" errors="0" timestamp="15 Apr 2021 07:24:12 GMT">
  <testcase classname="Tests.Maths_Test" name="division" time="0.022"/>
  <testcase classname="Tests.Maths_Test" name="multiplication" time="0.004"/>
  <testcase classname="Tests.Maths_Test" name="multiplication" time="0.006"/>
  <testcase classname="Tests.Maths_Test" name="multiplication" time="0.003"/>
  <testcase classname="Tests.Maths_Test" name="substraction" time="0.003"/>
  <testcase classname="Tests.LoginTest" name="login_successfull" time="0.0">
    <ignored/>
  </testcase> <!-- login_successfull -->
  <testcase classname="Tests.LoginTest" name="wrong_credentials" time="0.0">
    <ignored/>
  </testcase> <!-- wrong_credentials -->
  <testcase classname="Tests.Maths_Test" name="addition" time="0.0">
    <ignored/>
  </testcase> <!-- addition -->
</testsuite> <!-- Test -->
