<?xml version="1.0" encoding="UTF-8"?>
<!-- Generated by org.testng.reporters.JUnitXMLReporter -->
<testsuite ignored="0" hostname="DESKTOP-THALH3P" failures="1" tests="2" name="Test2" time="35.623" errors="0" timestamp="15 Apr 2021 06:19:30 GMT">
  <testcase classname="Tests.LoginTest" name="login_successfull" time="26.98">
    <failure type="java.lang.AssertionError" message="expected [Yadav] but found [Shekhar]">
      <![CDATA[java.lang.AssertionError: expected [Yadav] but found [Shekhar]
at Tests.LoginTest.login_successfull(LoginTest.java:27)
... Removed 31 stack frames]]>
    </failure>
  </testcase> <!-- login_successfull -->
  <testcase classname="Tests.LoginTest" name="wrong_credentials" time="8.636"/>
</testsuite> <!-- Test2 -->
