<?xml version="1.0" encoding="UTF-8"?>
<testng-results ignored="3" total="8" passed="5" failed="0" skipped="0">
  <reporter-output>
  </reporter-output>
  <suite started-at="2021-04-15T07:24:12Z" name="Suite" finished-at="2021-04-15T07:24:12Z" duration-ms="118">
    <groups>
      <group name="smoke">
        <method signature="Maths_Test.multiplication(java.lang.String, java.lang.String)[pri:0, instance:Tests.Maths_Test@4a9486c0]" name="multiplication" class="Tests.Maths_Test"/>
        <method signature="Maths_Test.substraction(java.lang.String)[pri:0, instance:Tests.Maths_Test@4a9486c0]" name="substraction" class="Tests.Maths_Test"/>
      </group> <!-- smoke -->
    </groups>
    <test started-at="2021-04-15T07:24:12Z" name="Test" finished-at="2021-04-15T07:24:12Z" duration-ms="118">
      <class name="Tests.Maths_Test">
        <test-method signature="division()[pri:0, instance:Tests.Maths_Test@4a9486c0]" started-at="2021-04-15T07:24:12Z" name="division" finished-at="2021-04-15T07:24:12Z" duration-ms="22" status="PASS">
          <reporter-output>
          </reporter-output>
        </test-method> <!-- division -->
        <test-method signature="multiplication(java.lang.String, java.lang.String)[pri:0, instance:Tests.Maths_Test@4a9486c0]" started-at="2021-04-15T07:24:12Z" name="multiplication" data-provider="getData" finished-at="2021-04-15T07:24:12Z" duration-ms="4" status="PASS">
          <params>
            <param index="0">
              <value is-null="true"/>
            </param>
            <param index="1">
              <value>
                <![CDATA[username]]>
              </value>
            </param>
          </params>
          <reporter-output>
          </reporter-output>
        </test-method> <!-- multiplication -->
        <test-method signature="multiplication(java.lang.String, java.lang.String)[pri:0, instance:Tests.Maths_Test@4a9486c0]" started-at="2021-04-15T07:24:12Z" name="multiplication" data-provider="getData" finished-at="2021-04-15T07:24:12Z" duration-ms="6" status="PASS">
          <params>
            <param index="0">
              <value is-null="true"/>
            </param>
            <param index="1">
              <value>
                <![CDATA[username]]>
              </value>
            </param>
          </params>
          <reporter-output>
          </reporter-output>
        </test-method> <!-- multiplication -->
        <test-method signature="multiplication(java.lang.String, java.lang.String)[pri:0, instance:Tests.Maths_Test@4a9486c0]" started-at="2021-04-15T07:24:12Z" name="multiplication" data-provider="getData" finished-at="2021-04-15T07:24:12Z" duration-ms="3" status="PASS">
          <params>
            <param index="0">
              <value is-null="true"/>
            </param>
            <param index="1">
              <value is-null="true"/>
            </param>
          </params>
          <reporter-output>
          </reporter-output>
        </test-method> <!-- multiplication -->
        <test-method signature="substraction(java.lang.String)[pri:0, instance:Tests.Maths_Test@4a9486c0]" started-at="2021-04-15T07:24:12Z" name="substraction" finished-at="2021-04-15T07:24:12Z" depends-on-methods="Tests.Maths_Test.division" duration-ms="3" status="PASS">
          <params>
            <param index="0">
              <value>
                <![CDATA[google.com]]>
              </value>
            </param>
          </params>
          <reporter-output>
          </reporter-output>
        </test-method> <!-- substraction -->
      </class> <!-- Tests.Maths_Test -->
    </test> <!-- Test -->
  </suite> <!-- Suite -->
</testng-results>
